CREATE USER SA PASSWORD "" ADMIN
/*C1*/SET SCHEMA PUBLIC
CONNECT USER SA
DISCONNECT
/*C2*/SET SCHEMA PUBLIC
CONNECT USER SA
DISCONNECT
/*C3*/SET SCHEMA PUBLIC
CONNECT USER SA
/*C4*/SET SCHEMA PUBLIC
CONNECT USER SA
/*C5*/SET SCHEMA PUBLIC
CONNECT USER SA
/*C6*/SET SCHEMA PUBLIC
CONNECT USER SA
DISCONNECT
/*C7*/SET SCHEMA PUBLIC
CONNECT USER SA
DISCONNECT
/*C8*/SET SCHEMA PUBLIC
CONNECT USER SA
DISCONNECT
/*C9*/SET SCHEMA PUBLIC
CONNECT USER SA
/*C10*/SET SCHEMA PUBLIC
CONNECT USER SA
DISCONNECT
/*C11*/SET SCHEMA PUBLIC
CONNECT USER SA
DISCONNECT
/*C5*/DISCONNECT
/*C12*/SET SCHEMA PUBLIC
CONNECT USER SA
DISCONNECT
/*C13*/SET SCHEMA PUBLIC
CONNECT USER SA
/*C14*/SET SCHEMA PUBLIC
CONNECT USER SA
DISCONNECT
/*C15*/SET SCHEMA PUBLIC
CONNECT USER SA
/*C16*/SET SCHEMA PUBLIC
CONNECT USER SA
DISCONNECT
/*C17*/SET SCHEMA PUBLIC
CONNECT USER SA
DISCONNECT
/*C15*/DISCONNECT
/*C13*/DISCONNECT
/*C18*/SET SCHEMA PUBLIC
CONNECT USER SA
/*C19*/SET SCHEMA PUBLIC
CONNECT USER SA
/*C20*/SET SCHEMA PUBLIC
CONNECT USER SA
DISCONNECT
/*C19*/DISCONNECT
/*C21*/SET SCHEMA PUBLIC
CONNECT USER SA
/*C22*/SET SCHEMA PUBLIC
CONNECT USER SA
/*C21*/DISCONNECT
/*C22*/DISCONNECT
